<?xml version="1.0" encoding="UTF-8"?>
<!-- Generated by org.testng.reporters.JUnitReportReporter -->
<testsuite hostname="Nithya" failures="0" tests="1" name="practice.PracticeClass" time="7.652" errors="0" timestamp="2024-06-19T16:45:04 IST" skipped="0">
  <testcase classname="practice.PracticeClass" name="tc02" time="7.652"/>
  <system-out/>
</testsuite> <!-- practice.PracticeClass -->
