<?xml version="1.0" encoding="UTF-8"?>
<!-- Generated by org.testng.reporters.JUnitReportReporter -->
<testsuite hostname="Nithya" failures="0" tests="1" name="practice.GroupingCases" time="4.562" errors="0" timestamp="2024-06-19T16:45:35 IST" skipped="0">
  <testcase classname="practice.GroupingCases" name="tc001" time="4.562"/>
  <system-out/>
</testsuite> <!-- practice.GroupingCases -->
